Using pre-set license
Built from '2020.3/staging' branch; Version is '2020.3.18f1 (a7d1c678663c) revision 10998214'; Using compiler version '192528614'; Build Type 'Release'
OS: 'Windows 10 Home; OS build 19042.1237; Version 2009; 64bit' Language: 'zh' Physical Memory: 16299 MB
BatchMode: 1, IsHumanControllingUs: 0, StartBugReporterOnCrash: 0, Is64bit: 1, IsPro: 0

COMMAND LINE ARGUMENTS:
C:\Program Files\Unity\Hub\Editor\2020.3.18f1\Editor\Unity.exe
-adb2
-batchMode
-noUpm
-name
AssetImportWorker0
-projectPath
D:/unity/DD/Unity_ASIA_LittleDinosaur_2021917/LittleDinosaur
-logFile
Logs/AssetImportWorker0.log
-srvPort
5742
Successfully changed project path to: D:/unity/DD/Unity_ASIA_LittleDinosaur_2021917/LittleDinosaur
D:/unity/DD/Unity_ASIA_LittleDinosaur_2021917/LittleDinosaur
Using Asset Import Pipeline V2.
Refreshing native plugins compatible for Editor in 33.94 ms, found 3 plugins.
Preloading 0 native plugins for Editor in 0.00 ms.
Initialize engine version: 2020.3.18f1 (a7d1c678663c)
[Subsystems] Discovering subsystems at path C:/Program Files/Unity/Hub/Editor/2020.3.18f1/Editor/Data/Resources/UnitySubsystems
[Subsystems] Discovering subsystems at path D:/unity/DD/Unity_ASIA_LittleDinosaur_2021917/LittleDinosaur/Assets
GfxDevice: creating device client; threaded=0
Direct3D:
    Version:  Direct3D 11.0 [level 11.1]
    Renderer: NVIDIA GeForce GTX 1060 3GB (ID=0x1c02)
    Vendor:   
    VRAM:     2988 MB
    Driver:   30.0.14.7111
Initialize mono
Mono path[0] = 'C:/Program Files/Unity/Hub/Editor/2020.3.18f1/Editor/Data/Managed'
Mono path[1] = 'C:/Program Files/Unity/Hub/Editor/2020.3.18f1/Editor/Data/MonoBleedingEdge/lib/mono/unityjit'
Mono config path = 'C:/Program Files/Unity/Hub/Editor/2020.3.18f1/Editor/Data/MonoBleedingEdge/etc'
Using monoOptions --debugger-agent=transport=dt_socket,embedding=1,server=y,suspend=n,address=127.0.0.1:56068
Begin MonoManager ReloadAssembly
Registering precompiled unity dll's ...
Register platform support module: C:/Program Files/Unity/Hub/Editor/2020.3.18f1/Editor/Data/PlaybackEngines/WebGLSupport/UnityEditor.WebGL.Extensions.dll
Register platform support module: C:/Program Files/Unity/Hub/Editor/2020.3.18f1/Editor/Data/PlaybackEngines/WindowsStandaloneSupport/UnityEditor.WindowsStandalone.Extensions.dll
Registered in 0.002105 seconds.
Native extension for WindowsStandalone target not found
Native extension for WebGL target not found
Refreshing native plugins compatible for Editor in 33.41 ms, found 3 plugins.
Preloading 0 native plugins for Editor in 0.00 ms.
Mono: successfully reloaded assembly
- Completed reload, in  1.583 seconds
Domain Reload Profiling:
	ReloadAssembly (1583ms)
		BeginReloadAssembly (45ms)
			ExecutionOrderSort (0ms)
			DisableScriptedObjects (0ms)
			BackupInstance (0ms)
			ReleaseScriptingObjects (0ms)
			CreateAndSetChildDomain (1ms)
		EndReloadAssembly (343ms)
			LoadAssemblies (44ms)
			RebuildTransferFunctionScriptingTraits (0ms)
			SetupTypeCache (129ms)
			ReleaseScriptCaches (0ms)
			RebuildScriptCaches (28ms)
			SetupLoadedEditorAssemblies (133ms)
				LogAssemblyErrors (0ms)
				InitializePlatformSupportModulesInManaged (4ms)
				SetLoadedEditorAssemblies (0ms)
				RefreshPlugins (33ms)
				BeforeProcessingInitializeOnLoad (7ms)
				ProcessInitializeOnLoadAttributes (65ms)
				ProcessInitializeOnLoadMethodAttributes (23ms)
				AfterProcessingInitializeOnLoad (0ms)
				EditorAssembliesLoaded (0ms)
			ExecutionOrderSort2 (0ms)
			AwakeInstancesAfterBackupRestoration (0ms)
Platform modules already initialized, skipping
Registering precompiled user dll's ...
Registered in 0.001920 seconds.
Begin MonoManager ReloadAssembly
Native extension for WindowsStandalone target not found
Native extension for WebGL target not found
Refreshing native plugins compatible for Editor in 35.43 ms, found 3 plugins.
Preloading 0 native plugins for Editor in 0.00 ms.
Mono: successfully reloaded assembly
- Completed reload, in  0.914 seconds
Domain Reload Profiling:
	ReloadAssembly (914ms)
		BeginReloadAssembly (120ms)
			ExecutionOrderSort (0ms)
			DisableScriptedObjects (4ms)
			BackupInstance (0ms)
			ReleaseScriptingObjects (0ms)
			CreateAndSetChildDomain (15ms)
		EndReloadAssembly (743ms)
			LoadAssemblies (74ms)
			RebuildTransferFunctionScriptingTraits (0ms)
			SetupTypeCache (251ms)
			ReleaseScriptCaches (0ms)
			RebuildScriptCaches (40ms)
			SetupLoadedEditorAssemblies (276ms)
				LogAssemblyErrors (0ms)
				InitializePlatformSupportModulesInManaged (4ms)
				SetLoadedEditorAssemblies (0ms)
				RefreshPlugins (35ms)
				BeforeProcessingInitializeOnLoad (53ms)
				ProcessInitializeOnLoadAttributes (168ms)
				ProcessInitializeOnLoadMethodAttributes (10ms)
				AfterProcessingInitializeOnLoad (5ms)
				EditorAssembliesLoaded (0ms)
			ExecutionOrderSort2 (0ms)
			AwakeInstancesAfterBackupRestoration (6ms)
Platform modules already initialized, skipping
========================================================================
Worker process is ready to serve import requests
Launched and connected shader compiler UnityShaderCompiler.exe after 0.06 seconds
Refreshing native plugins compatible for Editor in 0.45 ms, found 3 plugins.
Preloading 0 native plugins for Editor in 0.00 ms.
Unloading 2090 Unused Serialized files (Serialized files now loaded: 0)
System memory in use before: 93.0 MB.
System memory in use after: 93.1 MB.

Unloading 26 unused Assets to reduce memory usage. Loaded Objects now: 2529.
Total: 2.942000 ms (FindLiveObjects: 0.212500 ms CreateObjectMapping: 0.070500 ms MarkObjects: 2.596500 ms  DeleteObjects: 0.061400 ms)

AssetImportParameters requested are different than current active one (requested -> active):
  custom:framework-win-MediaFoundation: 216162199b28c13a410421893ffa2e32 -> 
  custom:video-decoder-ogg-theora: a1e56fd34408186e4bbccfd4996cb3dc -> 
  custom:container-muxer-webm: aa71ff27fc2769a1b78a27578f13a17b -> 
  custom:container-demuxer-webm: 4f35f7cbe854078d1ac9338744f61a02 -> 
  custom:container-demuxer-ogg: 62fdf1f143b41e24485cea50d1cbac27 -> 
  custom:video-encoder-webm-vp8: eb34c28f22e8b96e1ab97ce403110664 -> 
  custom:video-decoder-webm-vp8: 9c59270c3fd7afecdb556c50c9e8de78 -> 
  custom:audio-decoder-ogg-vorbis: bf7c407c2cedff20999df2af8eb42d56 -> 
  custom:audio-encoder-webm-vorbis: bf7c407c2cedff20999df2af8eb42d56 -> 
========================================================================
Received Import Request.
  path: Assets/場景素材
  artifactKey: Guid(d8e4b0fca2054e34cb7d3ba76cf6fda1) Importer(815301076,1909f56bfc062723c751e8b465ee728b)
Start importing Assets/場景素材 using Guid(d8e4b0fca2054e34cb7d3ba76cf6fda1) Importer(815301076,1909f56bfc062723c751e8b465ee728b)  -> (artifact id: 'b186d27fb1de90ff5251eb8c3f228362') in 0.008898 seconds 
  Import took 0.011872 seconds .

========================================================================
Received Import Request.
  Time since last request: 758.599294 seconds.
  path: Assets/場景素材/Pixel Art Platformer - Village Props
  artifactKey: Guid(1f08d781702466b438d35aa7938d8030) Importer(815301076,1909f56bfc062723c751e8b465ee728b)
Start importing Assets/場景素材/Pixel Art Platformer - Village Props using Guid(1f08d781702466b438d35aa7938d8030) Importer(815301076,1909f56bfc062723c751e8b465ee728b)  -> (artifact id: 'a0d0ee06777279a5df54c5441e1b0263') in 0.007513 seconds 
  Import took 0.011633 seconds .

========================================================================
Received Import Request.
  Time since last request: 91.419079 seconds.
  path: Assets/場景素材/Pixel Art Platformer - Village Props/Tileset Palette/TP Ground Darken.prefab
  artifactKey: Guid(027db5ce1ff2f4142b49c3de3b59625a) Importer(815301076,1909f56bfc062723c751e8b465ee728b)
Start importing Assets/場景素材/Pixel Art Platformer - Village Props/Tileset Palette/TP Ground Darken.prefab using Guid(027db5ce1ff2f4142b49c3de3b59625a) Importer(815301076,1909f56bfc062723c751e8b465ee728b)  -> (artifact id: '55f1059c23ba11d9c3baf4fcb1ce4bcb') in 0.097034 seconds 
  Import took 0.100650 seconds .

========================================================================
Received Import Request.
  Time since last request: 0.000260 seconds.
  path: Assets/場景素材/Pixel Art Platformer - Village Props/Tileset Palette/TP Ground.prefab
  artifactKey: Guid(a657d1104ca50f54dac2bf8d3d8e9898) Importer(815301076,1909f56bfc062723c751e8b465ee728b)
Start importing Assets/場景素材/Pixel Art Platformer - Village Props/Tileset Palette/TP Ground.prefab using Guid(a657d1104ca50f54dac2bf8d3d8e9898) Importer(815301076,1909f56bfc062723c751e8b465ee728b)  -> (artifact id: '1e9edf212ad462b98353a087f9943218') in 0.017400 seconds 
  Import took 0.020533 seconds .

========================================================================
Received Import Request.
  Time since last request: 16.532349 seconds.
  path: Assets/場景素材/Pixel Art Platformer - Village Props/Material/MT FX Particle Torch Fire.mat
  artifactKey: Guid(dce4faabfa7d00147bb7d853e5c1fbf3) Importer(815301076,1909f56bfc062723c751e8b465ee728b)
Start importing Assets/場景素材/Pixel Art Platformer - Village Props/Material/MT FX Particle Torch Fire.mat using Guid(dce4faabfa7d00147bb7d853e5c1fbf3) Importer(815301076,1909f56bfc062723c751e8b465ee728b)  -> (artifact id: 'c90ff633051c9112fb31050bc976cbd0') in 0.083317 seconds 
  Import took 0.094548 seconds .

========================================================================
Received Import Request.
  Time since last request: 0.000248 seconds.
  path: Assets/場景素材/Pixel Art Platformer - Village Props/Material/MT FX Particle Torch Spark.mat
  artifactKey: Guid(23524a906e8f5eb4384f92eb87af52f4) Importer(815301076,1909f56bfc062723c751e8b465ee728b)
Start importing Assets/場景素材/Pixel Art Platformer - Village Props/Material/MT FX Particle Torch Spark.mat using Guid(23524a906e8f5eb4384f92eb87af52f4) Importer(815301076,1909f56bfc062723c751e8b465ee728b)  -> (artifact id: '225e68a24654691f4aedb68393def03a') in 0.010658 seconds 
  Import took 0.013327 seconds .

========================================================================
Received Import Request.
  Time since last request: 0.000203 seconds.
  path: Assets/場景素材/Pixel Art Platformer - Village Props/Material/MT FX Particle Torch Glow.mat
  artifactKey: Guid(6c48dc6ed4cda324b83bb2391ca6fb9a) Importer(815301076,1909f56bfc062723c751e8b465ee728b)
Start importing Assets/場景素材/Pixel Art Platformer - Village Props/Material/MT FX Particle Torch Glow.mat using Guid(6c48dc6ed4cda324b83bb2391ca6fb9a) Importer(815301076,1909f56bfc062723c751e8b465ee728b)  -> (artifact id: 'fe71cf4db70b34234b34505600ccff49') in 0.011592 seconds 
  Import took 0.014478 seconds .

========================================================================
Received Import Request.
  Time since last request: 2.520917 seconds.
  path: Assets/場景素材/Pixel Art Platformer - Village Props/Prefab/PF FX Campfire Fire.prefab
  artifactKey: Guid(2b206c0d2afb3604183d9210be1d84ce) Importer(815301076,1909f56bfc062723c751e8b465ee728b)
Start importing Assets/場景素材/Pixel Art Platformer - Village Props/Prefab/PF FX Campfire Fire.prefab using Guid(2b206c0d2afb3604183d9210be1d84ce) Importer(815301076,1909f56bfc062723c751e8b465ee728b)  -> (artifact id: '5af5f618920814676af49859b8c5f41c') in 0.016088 seconds 
  Import took 0.019800 seconds .

========================================================================
Received Import Request.
  Time since last request: 0.000272 seconds.
  path: Assets/場景素材/Pixel Art Platformer - Village Props/Prefab/PF FX Torch Fire.prefab
  artifactKey: Guid(4cfc0b96b77f5374a9242d6779dd65bf) Importer(815301076,1909f56bfc062723c751e8b465ee728b)
Start importing Assets/場景素材/Pixel Art Platformer - Village Props/Prefab/PF FX Torch Fire.prefab using Guid(4cfc0b96b77f5374a9242d6779dd65bf) Importer(815301076,1909f56bfc062723c751e8b465ee728b)  -> (artifact id: 'dd0a650bcfe64df08315b7eaa497b82b') in 0.015811 seconds 
  Import took 0.019362 seconds .

========================================================================
Received Import Request.
  Time since last request: 0.000309 seconds.
  path: Assets/場景素材/Pixel Art Platformer - Village Props/Prefab/PF FX Fire Bowl Fire.prefab
  artifactKey: Guid(69e62f89c9d82ba4085d34eeff6f57bc) Importer(815301076,1909f56bfc062723c751e8b465ee728b)
Start importing Assets/場景素材/Pixel Art Platformer - Village Props/Prefab/PF FX Fire Bowl Fire.prefab using Guid(69e62f89c9d82ba4085d34eeff6f57bc) Importer(815301076,1909f56bfc062723c751e8b465ee728b)  -> (artifact id: '83d5b6523b3291ea0fe15618ccfcb9b8') in 0.012228 seconds 
  Import took 0.015700 seconds .

========================================================================
Received Import Request.
  Time since last request: 0.001558 seconds.
  path: Assets/場景素材/Pixel Art Platformer - Village Props/Prefab/PF FX Fire Bowl Fire.prefab
  artifactKey: Guid(69e62f89c9d82ba4085d34eeff6f57bc) Importer(815301076,1909f56bfc062723c751e8b465ee728b)
Start importing Assets/場景素材/Pixel Art Platformer - Village Props/Prefab/PF FX Fire Bowl Fire.prefab using Guid(69e62f89c9d82ba4085d34eeff6f57bc) Importer(815301076,1909f56bfc062723c751e8b465ee728b)  -> (artifact id: '83d5b6523b3291ea0fe15618ccfcb9b8') in 0.007895 seconds 
  Import took 0.011012 seconds .

========================================================================
Received Import Request.
  Time since last request: 3.706710 seconds.
  path: Assets/場景素材/Pixel Art Platformer - Village Props/Texture/TX Background Grid.png
  artifactKey: Guid(4525736a9d0538940bce8f13f1227b26) Importer(815301076,1909f56bfc062723c751e8b465ee728b)
Start importing Assets/場景素材/Pixel Art Platformer - Village Props/Texture/TX Background Grid.png using Guid(4525736a9d0538940bce8f13f1227b26) Importer(815301076,1909f56bfc062723c751e8b465ee728b)  -> (artifact id: 'f1356049b4987f1ab94b0ca3938456c5') in 0.053165 seconds 
  Import took 0.056541 seconds .

========================================================================
Received Import Request.
  Time since last request: 0.000173 seconds.
  path: Assets/場景素材/Pixel Art Platformer - Village Props/Texture/TX Particle Flame.png
  artifactKey: Guid(cfcfd3af954eeb54cb041fe6d75a983b) Importer(815301076,1909f56bfc062723c751e8b465ee728b)
Start importing Assets/場景素材/Pixel Art Platformer - Village Props/Texture/TX Particle Flame.png using Guid(cfcfd3af954eeb54cb041fe6d75a983b) Importer(815301076,1909f56bfc062723c751e8b465ee728b)  -> (artifact id: '29e8cbfd73e5a2118f525430884e0f6a') in 0.016569 seconds 
  Import took 0.019413 seconds .

========================================================================
Received Import Request.
  Time since last request: 0.000271 seconds.
  path: Assets/場景素材/Pixel Art Platformer - Village Props/Texture/TX Tileset Ground.png
  artifactKey: Guid(bb35af95735851440927571ef230221b) Importer(815301076,1909f56bfc062723c751e8b465ee728b)
Start importing Assets/場景素材/Pixel Art Platformer - Village Props/Texture/TX Tileset Ground.png using Guid(bb35af95735851440927571ef230221b) Importer(815301076,1909f56bfc062723c751e8b465ee728b)  -> (artifact id: '8bd5a3b5bd8129f3166c5aa0c662e09c') in 0.073236 seconds 
  Import took 0.076128 seconds .

========================================================================
Received Import Request.
  Time since last request: 0.000225 seconds.
  path: Assets/場景素材/Pixel Art Platformer - Village Props/Texture/TX Village Props.png
  artifactKey: Guid(7810966f0f690954c87305933cabf2b0) Importer(815301076,1909f56bfc062723c751e8b465ee728b)
Start importing Assets/場景素材/Pixel Art Platformer - Village Props/Texture/TX Village Props.png using Guid(7810966f0f690954c87305933cabf2b0) Importer(815301076,1909f56bfc062723c751e8b465ee728b)  -> (artifact id: 'd6df726575e22f6b1de712bc2df7808e') in 0.294764 seconds 
  Import took 0.297870 seconds .

========================================================================
Received Import Request.
  Time since last request: 0.000210 seconds.
  path: Assets/場景素材/Pixel Art Platformer - Village Props/Texture/TX Tileset Ground Darken.png
  artifactKey: Guid(157cbc340d2b7e64ab85168e80e95550) Importer(815301076,1909f56bfc062723c751e8b465ee728b)
Start importing Assets/場景素材/Pixel Art Platformer - Village Props/Texture/TX Tileset Ground Darken.png using Guid(157cbc340d2b7e64ab85168e80e95550) Importer(815301076,1909f56bfc062723c751e8b465ee728b)  -> (artifact id: 'dc2fab95ad34d74c9a64aeb484c286e1') in 0.078165 seconds 
  Import took 0.080913 seconds .

========================================================================
Received Import Request.
  Time since last request: 363.475128 seconds.
  path: Assets/場景素材/Pixel Art Platformer - Village Props/Texture/TX Background Grid.png
  artifactKey: Guid(4525736a9d0538940bce8f13f1227b26) Importer(815301076,1909f56bfc062723c751e8b465ee728b)
Start importing Assets/場景素材/Pixel Art Platformer - Village Props/Texture/TX Background Grid.png using Guid(4525736a9d0538940bce8f13f1227b26) Importer(815301076,1909f56bfc062723c751e8b465ee728b)  -> (artifact id: '76d31af1d7d40155089c71f14a4db8b1') in 0.011771 seconds 
  Import took 0.015451 seconds .

========================================================================
Received Import Request.
  Time since last request: 0.000165 seconds.
  path: Assets/場景素材/Pixel Art Platformer - Village Props/Texture/TX Particle Flame.png
  artifactKey: Guid(cfcfd3af954eeb54cb041fe6d75a983b) Importer(815301076,1909f56bfc062723c751e8b465ee728b)
Start importing Assets/場景素材/Pixel Art Platformer - Village Props/Texture/TX Particle Flame.png using Guid(cfcfd3af954eeb54cb041fe6d75a983b) Importer(815301076,1909f56bfc062723c751e8b465ee728b)  -> (artifact id: '1fd1f0a2d07d95972b2b6de8d50696f4') in 0.012596 seconds 
  Import took 0.015403 seconds .

========================================================================
Received Import Request.
  Time since last request: 0.000177 seconds.
  path: Assets/場景素材/Pixel Art Platformer - Village Props/Texture/TX Tileset Ground.png
  artifactKey: Guid(bb35af95735851440927571ef230221b) Importer(815301076,1909f56bfc062723c751e8b465ee728b)
Start importing Assets/場景素材/Pixel Art Platformer - Village Props/Texture/TX Tileset Ground.png using Guid(bb35af95735851440927571ef230221b) Importer(815301076,1909f56bfc062723c751e8b465ee728b)  -> (artifact id: 'e15409b830d6ffe408b8cea3aad30d6d') in 0.013886 seconds 
  Import took 0.016864 seconds .

========================================================================
Received Import Request.
  Time since last request: 0.000248 seconds.
  path: Assets/場景素材/Pixel Art Platformer - Village Props/Texture/TX Village Props.png
  artifactKey: Guid(7810966f0f690954c87305933cabf2b0) Importer(815301076,1909f56bfc062723c751e8b465ee728b)
Start importing Assets/場景素材/Pixel Art Platformer - Village Props/Texture/TX Village Props.png using Guid(7810966f0f690954c87305933cabf2b0) Importer(815301076,1909f56bfc062723c751e8b465ee728b)  -> (artifact id: '180340ee9899a31c3c04cc073a49128d') in 0.017995 seconds 
  Import took 0.020760 seconds .

========================================================================
Received Import Request.
  Time since last request: 0.000219 seconds.
  path: Assets/場景素材/Pixel Art Platformer - Village Props/Texture/TX Tileset Ground Darken.png
  artifactKey: Guid(157cbc340d2b7e64ab85168e80e95550) Importer(815301076,1909f56bfc062723c751e8b465ee728b)
Start importing Assets/場景素材/Pixel Art Platformer - Village Props/Texture/TX Tileset Ground Darken.png using Guid(157cbc340d2b7e64ab85168e80e95550) Importer(815301076,1909f56bfc062723c751e8b465ee728b)  -> (artifact id: 'dc041e0b68299994ff8dca6c79267f5d') in 0.013835 seconds 
  Import took 0.017031 seconds .

========================================================================
Received Import Request.
  Time since last request: 8.738985 seconds.
  path: Assets/場景素材/Pixel Art Platformer - Village Props/Texture/TX Village Props.png
  artifactKey: Guid(7810966f0f690954c87305933cabf2b0) Importer(815301076,1909f56bfc062723c751e8b465ee728b)
Start importing Assets/場景素材/Pixel Art Platformer - Village Props/Texture/TX Village Props.png using Guid(7810966f0f690954c87305933cabf2b0) Importer(815301076,1909f56bfc062723c751e8b465ee728b)  -> (artifact id: 'bb158b13c5e864a837908bfd3b860977') in 0.009997 seconds 
  Import took 0.012961 seconds .

========================================================================
Received Import Request.
  Time since last request: 262.280684 seconds.
  path: Assets/場景素材/Pixel Art Platformer - Village Props/Texture/TX Village Props.png
  artifactKey: Guid(7810966f0f690954c87305933cabf2b0) Importer(815301076,1909f56bfc062723c751e8b465ee728b)
Start importing Assets/場景素材/Pixel Art Platformer - Village Props/Texture/TX Village Props.png using Guid(7810966f0f690954c87305933cabf2b0) Importer(815301076,1909f56bfc062723c751e8b465ee728b)  -> (artifact id: '53d8b473e453a740ee823f5cb31e8c04') in 0.242440 seconds 
  Import took 0.246357 seconds .

========================================================================
Received Import Request.
  Time since last request: 75.525659 seconds.
  path: Assets/場景素材/Pixel Art Platformer - Village Props/Texture/TX Village Props.png
  artifactKey: Guid(7810966f0f690954c87305933cabf2b0) Importer(815301076,1909f56bfc062723c751e8b465ee728b)
Start importing Assets/場景素材/Pixel Art Platformer - Village Props/Texture/TX Village Props.png using Guid(7810966f0f690954c87305933cabf2b0) Importer(815301076,1909f56bfc062723c751e8b465ee728b)  -> (artifact id: 'df22d3ba5d58fe9d96168461890c3150') in 0.218884 seconds 
  Import took 0.234734 seconds .

========================================================================
Received Import Request.
  Time since last request: 64.085825 seconds.
  path: Assets/場景素材/Pixel Art Platformer - Village Props/Texture/TX Tileset Ground Darken.png
  artifactKey: Guid(157cbc340d2b7e64ab85168e80e95550) Importer(815301076,1909f56bfc062723c751e8b465ee728b)
Start importing Assets/場景素材/Pixel Art Platformer - Village Props/Texture/TX Tileset Ground Darken.png using Guid(157cbc340d2b7e64ab85168e80e95550) Importer(815301076,1909f56bfc062723c751e8b465ee728b)  -> (artifact id: 'afd137dfc2428258bd482bbe093d9e85') in 0.011472 seconds 
  Import took 0.015081 seconds .

========================================================================
Received Import Request.
  Time since last request: 75.962921 seconds.
  path: Assets/場景素材/Pixel Art Platformer - Village Props/Texture/TX Tileset Ground Darken.png
  artifactKey: Guid(157cbc340d2b7e64ab85168e80e95550) Importer(815301076,1909f56bfc062723c751e8b465ee728b)
Start importing Assets/場景素材/Pixel Art Platformer - Village Props/Texture/TX Tileset Ground Darken.png using Guid(157cbc340d2b7e64ab85168e80e95550) Importer(815301076,1909f56bfc062723c751e8b465ee728b)  -> (artifact id: 'feecaa14fa8738b241ce7f510808ec33') in 0.074117 seconds 
  Import took 0.077543 seconds .

========================================================================
Received Import Request.
  Time since last request: 18.340311 seconds.
  path: Assets/場景素材/Pixel Art Platformer - Village Props/Texture/TX Tileset Ground.png
  artifactKey: Guid(bb35af95735851440927571ef230221b) Importer(815301076,1909f56bfc062723c751e8b465ee728b)
Start importing Assets/場景素材/Pixel Art Platformer - Village Props/Texture/TX Tileset Ground.png using Guid(bb35af95735851440927571ef230221b) Importer(815301076,1909f56bfc062723c751e8b465ee728b)  -> (artifact id: '8d265fa7fc13bcdb38c95b77e33fab4e') in 0.010611 seconds 
  Import took 0.014326 seconds .

========================================================================
Received Import Request.
  Time since last request: 0.006448 seconds.
  path: Assets/場景素材/Pixel Art Platformer - Village Props/Texture/TX Tileset Ground.png
  artifactKey: Guid(bb35af95735851440927571ef230221b) Importer(815301076,1909f56bfc062723c751e8b465ee728b)
Start importing Assets/場景素材/Pixel Art Platformer - Village Props/Texture/TX Tileset Ground.png using Guid(bb35af95735851440927571ef230221b) Importer(815301076,1909f56bfc062723c751e8b465ee728b)  -> (artifact id: '8d265fa7fc13bcdb38c95b77e33fab4e') in 0.009427 seconds 
  Import took 0.013272 seconds .

========================================================================
Received Import Request.
  Time since last request: 21.866309 seconds.
  path: Assets/場景素材/Pixel Art Platformer - Village Props/Texture/TX Tileset Ground.png
  artifactKey: Guid(bb35af95735851440927571ef230221b) Importer(815301076,1909f56bfc062723c751e8b465ee728b)
Start importing Assets/場景素材/Pixel Art Platformer - Village Props/Texture/TX Tileset Ground.png using Guid(bb35af95735851440927571ef230221b) Importer(815301076,1909f56bfc062723c751e8b465ee728b)  -> (artifact id: '736ec0ecc70eebb69e1c779152e564b4') in 0.071500 seconds 
  Import took 0.074869 seconds .

========================================================================
Received Import Request.
  Time since last request: 53.624849 seconds.
  path: Assets/場景素材/Pixel Art Platformer - Village Props/Texture/TX Particle Flame.png
  artifactKey: Guid(cfcfd3af954eeb54cb041fe6d75a983b) Importer(815301076,1909f56bfc062723c751e8b465ee728b)
Start importing Assets/場景素材/Pixel Art Platformer - Village Props/Texture/TX Particle Flame.png using Guid(cfcfd3af954eeb54cb041fe6d75a983b) Importer(815301076,1909f56bfc062723c751e8b465ee728b)  -> (artifact id: '8cb626b4f50a2dcca01d31f072885156') in 0.008228 seconds 
  Import took 0.011368 seconds .

========================================================================
Received Import Request.
  Time since last request: 52.639983 seconds.
  path: Assets/場景素材/Pixel Art Platformer - Village Props/Texture/TX Particle Flame.png
  artifactKey: Guid(cfcfd3af954eeb54cb041fe6d75a983b) Importer(815301076,1909f56bfc062723c751e8b465ee728b)
Start importing Assets/場景素材/Pixel Art Platformer - Village Props/Texture/TX Particle Flame.png using Guid(cfcfd3af954eeb54cb041fe6d75a983b) Importer(815301076,1909f56bfc062723c751e8b465ee728b)  -> (artifact id: 'c5f9e9a12c921c0e663c5d6dbcf7d32f') in 0.075590 seconds 
  Import took 0.078756 seconds .

========================================================================
Received Import Request.
  Time since last request: 420.323625 seconds.
  path: Assets/調色盤
  artifactKey: Guid(72b06909812ecc24fba4b57a756d0b0d) Importer(815301076,1909f56bfc062723c751e8b465ee728b)
Start importing Assets/調色盤 using Guid(72b06909812ecc24fba4b57a756d0b0d) Importer(815301076,1909f56bfc062723c751e8b465ee728b)  -> (artifact id: '37530e3495a6c5d365ec76724e85a377') in 0.006365 seconds 
  Import took 0.010252 seconds .

========================================================================
Received Import Request.
  Time since last request: 0.149504 seconds.
  path: Assets/調色盤/New Palette.prefab
  artifactKey: Guid(cefb90aae011ecc46bdb017cd7eeca18) Importer(815301076,1909f56bfc062723c751e8b465ee728b)
Start importing Assets/調色盤/New Palette.prefab using Guid(cefb90aae011ecc46bdb017cd7eeca18) Importer(815301076,1909f56bfc062723c751e8b465ee728b)  -> (artifact id: 'ac3f121a204d72df8c53858b179059fa') in 0.046901 seconds 
  Import took 0.051855 seconds .

